  [1m[35m (0.5ms)[0m  [1m[35mCREATE TABLE "schema_migrations" ("version" varchar NOT NULL PRIMARY KEY) /*application='Backend'*/[0m
  [1m[35m (0.1ms)[0m  [1m[35mCREATE TABLE "ar_internal_metadata" ("key" varchar NOT NULL PRIMARY KEY, "value" varchar, "created_at" datetime(6) NOT NULL, "updated_at" datetime(6) NOT NULL) /*application='Backend'*/[0m
  [1m[36mActiveRecord::InternalMetadata Load (0.1ms)[0m  [1m[34mSELECT * FROM "ar_internal_metadata" WHERE "ar_internal_metadata"."key" = 'environment' ORDER BY "ar_internal_metadata"."key" ASC LIMIT 1 /*application='Backend'*/[0m
  [1m[36mActiveRecord::InternalMetadata Create (0.3ms)[0m  [1m[32mINSERT INTO "ar_internal_metadata" ("key", "value", "created_at", "updated_at") VALUES ('environment', 'development', '2025-01-18 01:53:28.722667', '2025-01-18 01:53:28.722669') RETURNING "key" /*application='Backend'*/[0m
  [1m[36mActiveRecord::SchemaMigration Load (0.0ms)[0m  [1m[34mSELECT "schema_migrations"."version" FROM "schema_migrations" ORDER BY "schema_migrations"."version" ASC /*application='Backend'*/[0m
Migrating to CreateMovies (20250118014717)
  [1m[36mTRANSACTION (0.0ms)[0m  [1m[35mBEGIN immediate TRANSACTION /*application='Backend'*/[0m
  [1m[35m (0.8ms)[0m  [1m[35mCREATE TABLE "movies" ("id" integer PRIMARY KEY AUTOINCREMENT NOT NULL, "adult" boolean, "backdrop_path" varchar, "budget" integer, "homepage" varchar, "imdb_id" varchar, "original_language" varchar, "original_title" varchar, "overview" text, "popularity" float, "poster_path" varchar, "release_date" date, "revenue" integer, "runtime" integer, "status" varchar, "tagline" varchar, "title" varchar, "video" boolean, "vote_average" float, "vote_count" integer, "created_at" datetime(6) NOT NULL, "updated_at" datetime(6) NOT NULL) /*application='Backend'*/[0m
  [1m[36mActiveRecord::SchemaMigration Create (0.0ms)[0m  [1m[32mINSERT INTO "schema_migrations" ("version") VALUES ('20250118014717') RETURNING "version" /*application='Backend'*/[0m
  [1m[36mTRANSACTION (0.1ms)[0m  [1m[35mCOMMIT TRANSACTION /*application='Backend'*/[0m
  [1m[36mActiveRecord::SchemaMigration Load (0.0ms)[0m  [1m[34mSELECT "schema_migrations"."version" FROM "schema_migrations" ORDER BY "schema_migrations"."version" ASC /*application='Backend'*/[0m
Started GET "/" for 127.0.0.1 at 2025-01-17 21:01:06 -0500
  [1m[36mActiveRecord::SchemaMigration Load (0.1ms)[0m  [1m[34mSELECT "schema_migrations"."version" FROM "schema_migrations" ORDER BY "schema_migrations"."version" ASC /*application='Backend'*/[0m
  
SyntaxError (/Users/richardo/development/ruby/LenguajesProgProyectoFinal/backend/config/routes.rb:3: syntax error, unexpected ':', expecting `end' or dummy end
    resources: movie do
             ^
):
  
config/routes.rb:3: syntax error, unexpected ':', expecting `end' or dummy end
Started GET "/favicon.ico" for 127.0.0.1 at 2025-01-17 21:01:06 -0500
  
ActionController::RoutingError (No route matches [GET] "/favicon.ico"):
  
Started GET "/" for 127.0.0.1 at 2025-01-17 21:01:37 -0500
  [1m[36mActiveRecord::SchemaMigration Load (0.2ms)[0m  [1m[34mSELECT "schema_migrations"."version" FROM "schema_migrations" ORDER BY "schema_migrations"."version" ASC /*application='Backend'*/[0m
Processing by Rails::WelcomeController#index as HTML
  Rendering vendor/bundle/ruby/3.2.0/gems/railties-8.0.1/lib/rails/templates/rails/welcome/index.html.erb
  Rendered vendor/bundle/ruby/3.2.0/gems/railties-8.0.1/lib/rails/templates/rails/welcome/index.html.erb (Duration: 0.6ms | GC: 0.0ms)
Completed 200 OK in 12ms (Views: 2.7ms | ActiveRecord: 0.0ms (0 queries, 0 cached) | GC: 0.0ms)


Started GET "/icon.png" for 127.0.0.1 at 2025-01-17 21:01:37 -0500
  
ActionController::RoutingError (No route matches [GET] "/icon.png"):
  
Started GET "/api/movie" for 127.0.0.1 at 2025-01-17 21:01:45 -0500
  
ActionController::RoutingError (uninitialized constant Api::MovieController)
Caused by: ActionDispatch::MissingController (uninitialized constant Api::MovieController)
Caused by: NameError (uninitialized constant Api::MovieController)

Information for: ActionController::RoutingError (uninitialized constant Api::MovieController):
  

Information for cause: ActionDispatch::MissingController (uninitialized constant Api::MovieController):
  
actionpack (8.0.1) lib/action_dispatch/http/request.rb:102:in `rescue in controller_class_for'
actionpack (8.0.1) lib/action_dispatch/http/request.rb:98:in `controller_class_for'
actionpack (8.0.1) lib/action_dispatch/http/request.rb:91:in `controller_class'
actionpack (8.0.1) lib/action_dispatch/routing/route_set.rb:61:in `controller'
actionpack (8.0.1) lib/action_dispatch/routing/route_set.rb:48:in `serve'
actionpack (8.0.1) lib/action_dispatch/journey/router.rb:53:in `block in serve'
actionpack (8.0.1) lib/action_dispatch/journey/router.rb:133:in `block in find_routes'
actionpack (8.0.1) lib/action_dispatch/journey/router.rb:126:in `each'
actionpack (8.0.1) lib/action_dispatch/journey/router.rb:126:in `find_routes'
actionpack (8.0.1) lib/action_dispatch/journey/router.rb:34:in `serve'
actionpack (8.0.1) lib/action_dispatch/routing/route_set.rb:908:in `call'
railties (8.0.1) lib/rails/engine/lazy_route_set.rb:68:in `call'
rack (3.1.8) lib/rack/etag.rb:29:in `call'
rack (3.1.8) lib/rack/conditional_get.rb:31:in `call'
rack (3.1.8) lib/rack/head.rb:15:in `call'
activerecord (8.0.1) lib/active_record/migration.rb:671:in `call'
actionpack (8.0.1) lib/action_dispatch/middleware/callbacks.rb:31:in `block in call'
activesupport (8.0.1) lib/active_support/callbacks.rb:100:in `run_callbacks'
actionpack (8.0.1) lib/action_dispatch/middleware/callbacks.rb:30:in `call'
actionpack (8.0.1) lib/action_dispatch/middleware/executor.rb:16:in `call'
actionpack (8.0.1) lib/action_dispatch/middleware/actionable_exceptions.rb:18:in `call'
actionpack (8.0.1) lib/action_dispatch/middleware/debug_exceptions.rb:31:in `call'
actionpack (8.0.1) lib/action_dispatch/middleware/show_exceptions.rb:32:in `call'
railties (8.0.1) lib/rails/rack/logger.rb:41:in `call_app'
railties (8.0.1) lib/rails/rack/logger.rb:29:in `call'
actionpack (8.0.1) lib/action_dispatch/middleware/remote_ip.rb:96:in `call'
actionpack (8.0.1) lib/action_dispatch/middleware/request_id.rb:34:in `call'
rack (3.1.8) lib/rack/runtime.rb:24:in `call'
actionpack (8.0.1) lib/action_dispatch/middleware/server_timing.rb:61:in `block in call'
actionpack (8.0.1) lib/action_dispatch/middleware/server_timing.rb:26:in `collect_events'
actionpack (8.0.1) lib/action_dispatch/middleware/server_timing.rb:60:in `call'
actionpack (8.0.1) lib/action_dispatch/middleware/executor.rb:16:in `call'
actionpack (8.0.1) lib/action_dispatch/middleware/static.rb:27:in `call'
rack (3.1.8) lib/rack/sendfile.rb:114:in `call'
actionpack (8.0.1) lib/action_dispatch/middleware/host_authorization.rb:143:in `call'
railties (8.0.1) lib/rails/engine.rb:535:in `call'
puma (6.5.0) lib/puma/configuration.rb:279:in `call'
puma (6.5.0) lib/puma/request.rb:99:in `block in handle_request'
puma (6.5.0) lib/puma/thread_pool.rb:389:in `with_force_shutdown'
puma (6.5.0) lib/puma/request.rb:98:in `handle_request'
puma (6.5.0) lib/puma/server.rb:468:in `process_client'
puma (6.5.0) lib/puma/server.rb:249:in `block in run'
puma (6.5.0) lib/puma/thread_pool.rb:166:in `block in spawn_thread'

Information for cause: NameError (uninitialized constant Api::MovieController):
  
activesupport (8.0.1) lib/active_support/inflector/methods.rb:290:in `constantize'
activesupport (8.0.1) lib/active_support/core_ext/string/inflections.rb:74:in `constantize'
actionpack (8.0.1) lib/action_dispatch/http/request.rb:99:in `controller_class_for'
actionpack (8.0.1) lib/action_dispatch/http/request.rb:91:in `controller_class'
actionpack (8.0.1) lib/action_dispatch/routing/route_set.rb:61:in `controller'
actionpack (8.0.1) lib/action_dispatch/routing/route_set.rb:48:in `serve'
actionpack (8.0.1) lib/action_dispatch/journey/router.rb:53:in `block in serve'
actionpack (8.0.1) lib/action_dispatch/journey/router.rb:133:in `block in find_routes'
actionpack (8.0.1) lib/action_dispatch/journey/router.rb:126:in `each'
actionpack (8.0.1) lib/action_dispatch/journey/router.rb:126:in `find_routes'
actionpack (8.0.1) lib/action_dispatch/journey/router.rb:34:in `serve'
actionpack (8.0.1) lib/action_dispatch/routing/route_set.rb:908:in `call'
railties (8.0.1) lib/rails/engine/lazy_route_set.rb:68:in `call'
rack (3.1.8) lib/rack/etag.rb:29:in `call'
rack (3.1.8) lib/rack/conditional_get.rb:31:in `call'
rack (3.1.8) lib/rack/head.rb:15:in `call'
activerecord (8.0.1) lib/active_record/migration.rb:671:in `call'
actionpack (8.0.1) lib/action_dispatch/middleware/callbacks.rb:31:in `block in call'
activesupport (8.0.1) lib/active_support/callbacks.rb:100:in `run_callbacks'
actionpack (8.0.1) lib/action_dispatch/middleware/callbacks.rb:30:in `call'
actionpack (8.0.1) lib/action_dispatch/middleware/executor.rb:16:in `call'
actionpack (8.0.1) lib/action_dispatch/middleware/actionable_exceptions.rb:18:in `call'
actionpack (8.0.1) lib/action_dispatch/middleware/debug_exceptions.rb:31:in `call'
actionpack (8.0.1) lib/action_dispatch/middleware/show_exceptions.rb:32:in `call'
railties (8.0.1) lib/rails/rack/logger.rb:41:in `call_app'
railties (8.0.1) lib/rails/rack/logger.rb:29:in `call'
actionpack (8.0.1) lib/action_dispatch/middleware/remote_ip.rb:96:in `call'
actionpack (8.0.1) lib/action_dispatch/middleware/request_id.rb:34:in `call'
rack (3.1.8) lib/rack/runtime.rb:24:in `call'
actionpack (8.0.1) lib/action_dispatch/middleware/server_timing.rb:61:in `block in call'
actionpack (8.0.1) lib/action_dispatch/middleware/server_timing.rb:26:in `collect_events'
actionpack (8.0.1) lib/action_dispatch/middleware/server_timing.rb:60:in `call'
actionpack (8.0.1) lib/action_dispatch/middleware/executor.rb:16:in `call'
actionpack (8.0.1) lib/action_dispatch/middleware/static.rb:27:in `call'
rack (3.1.8) lib/rack/sendfile.rb:114:in `call'
actionpack (8.0.1) lib/action_dispatch/middleware/host_authorization.rb:143:in `call'
railties (8.0.1) lib/rails/engine.rb:535:in `call'
puma (6.5.0) lib/puma/configuration.rb:279:in `call'
puma (6.5.0) lib/puma/request.rb:99:in `block in handle_request'
puma (6.5.0) lib/puma/thread_pool.rb:389:in `with_force_shutdown'
puma (6.5.0) lib/puma/request.rb:98:in `handle_request'
puma (6.5.0) lib/puma/server.rb:468:in `process_client'
puma (6.5.0) lib/puma/server.rb:249:in `block in run'
puma (6.5.0) lib/puma/thread_pool.rb:166:in `block in spawn_thread'
Started GET "/api/" for 127.0.0.1 at 2025-01-17 21:02:33 -0500
  
ActionController::RoutingError (No route matches [GET] "/api"):
  
Started GET "/api/movies" for 127.0.0.1 at 2025-01-17 21:02:38 -0500
  
ActionController::RoutingError (No route matches [GET] "/api/movies"):
  
Started GET "/" for 127.0.0.1 at 2025-01-17 21:05:53 -0500
  [1m[36mActiveRecord::SchemaMigration Load (0.1ms)[0m  [1m[34mSELECT "schema_migrations"."version" FROM "schema_migrations" ORDER BY "schema_migrations"."version" ASC /*application='Backend'*/[0m
Processing by Rails::WelcomeController#index as HTML
  Rendering vendor/bundle/ruby/3.2.0/gems/railties-8.0.1/lib/rails/templates/rails/welcome/index.html.erb
  Rendered vendor/bundle/ruby/3.2.0/gems/railties-8.0.1/lib/rails/templates/rails/welcome/index.html.erb (Duration: 0.7ms | GC: 0.0ms)
Completed 200 OK in 8ms (Views: 3.1ms | ActiveRecord: 0.0ms (0 queries, 0 cached) | GC: 0.0ms)


Started GET "/api/movie" for 127.0.0.1 at 2025-01-17 21:06:01 -0500
  
ActionController::RoutingError (uninitialized constant Api::MovieController)
Caused by: ActionDispatch::MissingController (uninitialized constant Api::MovieController)
Caused by: NameError (uninitialized constant Api::MovieController)

Information for: ActionController::RoutingError (uninitialized constant Api::MovieController):
  

Information for cause: ActionDispatch::MissingController (uninitialized constant Api::MovieController):
  
actionpack (8.0.1) lib/action_dispatch/http/request.rb:102:in `rescue in controller_class_for'
actionpack (8.0.1) lib/action_dispatch/http/request.rb:98:in `controller_class_for'
actionpack (8.0.1) lib/action_dispatch/http/request.rb:91:in `controller_class'
actionpack (8.0.1) lib/action_dispatch/routing/route_set.rb:61:in `controller'
actionpack (8.0.1) lib/action_dispatch/routing/route_set.rb:48:in `serve'
actionpack (8.0.1) lib/action_dispatch/journey/router.rb:53:in `block in serve'
actionpack (8.0.1) lib/action_dispatch/journey/router.rb:133:in `block in find_routes'
actionpack (8.0.1) lib/action_dispatch/journey/router.rb:126:in `each'
actionpack (8.0.1) lib/action_dispatch/journey/router.rb:126:in `find_routes'
actionpack (8.0.1) lib/action_dispatch/journey/router.rb:34:in `serve'
actionpack (8.0.1) lib/action_dispatch/routing/route_set.rb:908:in `call'
railties (8.0.1) lib/rails/engine/lazy_route_set.rb:68:in `call'
rack (3.1.8) lib/rack/etag.rb:29:in `call'
rack (3.1.8) lib/rack/conditional_get.rb:31:in `call'
rack (3.1.8) lib/rack/head.rb:15:in `call'
activerecord (8.0.1) lib/active_record/migration.rb:671:in `call'
actionpack (8.0.1) lib/action_dispatch/middleware/callbacks.rb:31:in `block in call'
activesupport (8.0.1) lib/active_support/callbacks.rb:100:in `run_callbacks'
actionpack (8.0.1) lib/action_dispatch/middleware/callbacks.rb:30:in `call'
actionpack (8.0.1) lib/action_dispatch/middleware/executor.rb:16:in `call'
actionpack (8.0.1) lib/action_dispatch/middleware/actionable_exceptions.rb:18:in `call'
actionpack (8.0.1) lib/action_dispatch/middleware/debug_exceptions.rb:31:in `call'
actionpack (8.0.1) lib/action_dispatch/middleware/show_exceptions.rb:32:in `call'
railties (8.0.1) lib/rails/rack/logger.rb:41:in `call_app'
railties (8.0.1) lib/rails/rack/logger.rb:29:in `call'
actionpack (8.0.1) lib/action_dispatch/middleware/remote_ip.rb:96:in `call'
actionpack (8.0.1) lib/action_dispatch/middleware/request_id.rb:34:in `call'
rack (3.1.8) lib/rack/runtime.rb:24:in `call'
actionpack (8.0.1) lib/action_dispatch/middleware/server_timing.rb:61:in `block in call'
actionpack (8.0.1) lib/action_dispatch/middleware/server_timing.rb:26:in `collect_events'
actionpack (8.0.1) lib/action_dispatch/middleware/server_timing.rb:60:in `call'
actionpack (8.0.1) lib/action_dispatch/middleware/executor.rb:16:in `call'
actionpack (8.0.1) lib/action_dispatch/middleware/static.rb:27:in `call'
rack (3.1.8) lib/rack/sendfile.rb:114:in `call'
actionpack (8.0.1) lib/action_dispatch/middleware/host_authorization.rb:143:in `call'
railties (8.0.1) lib/rails/engine.rb:535:in `call'
puma (6.5.0) lib/puma/configuration.rb:279:in `call'
puma (6.5.0) lib/puma/request.rb:99:in `block in handle_request'
puma (6.5.0) lib/puma/thread_pool.rb:389:in `with_force_shutdown'
puma (6.5.0) lib/puma/request.rb:98:in `handle_request'
puma (6.5.0) lib/puma/server.rb:468:in `process_client'
puma (6.5.0) lib/puma/server.rb:249:in `block in run'
puma (6.5.0) lib/puma/thread_pool.rb:166:in `block in spawn_thread'

Information for cause: NameError (uninitialized constant Api::MovieController):
  
activesupport (8.0.1) lib/active_support/inflector/methods.rb:290:in `constantize'
activesupport (8.0.1) lib/active_support/core_ext/string/inflections.rb:74:in `constantize'
actionpack (8.0.1) lib/action_dispatch/http/request.rb:99:in `controller_class_for'
actionpack (8.0.1) lib/action_dispatch/http/request.rb:91:in `controller_class'
actionpack (8.0.1) lib/action_dispatch/routing/route_set.rb:61:in `controller'
actionpack (8.0.1) lib/action_dispatch/routing/route_set.rb:48:in `serve'
actionpack (8.0.1) lib/action_dispatch/journey/router.rb:53:in `block in serve'
actionpack (8.0.1) lib/action_dispatch/journey/router.rb:133:in `block in find_routes'
actionpack (8.0.1) lib/action_dispatch/journey/router.rb:126:in `each'
actionpack (8.0.1) lib/action_dispatch/journey/router.rb:126:in `find_routes'
actionpack (8.0.1) lib/action_dispatch/journey/router.rb:34:in `serve'
actionpack (8.0.1) lib/action_dispatch/routing/route_set.rb:908:in `call'
railties (8.0.1) lib/rails/engine/lazy_route_set.rb:68:in `call'
rack (3.1.8) lib/rack/etag.rb:29:in `call'
rack (3.1.8) lib/rack/conditional_get.rb:31:in `call'
rack (3.1.8) lib/rack/head.rb:15:in `call'
activerecord (8.0.1) lib/active_record/migration.rb:671:in `call'
actionpack (8.0.1) lib/action_dispatch/middleware/callbacks.rb:31:in `block in call'
activesupport (8.0.1) lib/active_support/callbacks.rb:100:in `run_callbacks'
actionpack (8.0.1) lib/action_dispatch/middleware/callbacks.rb:30:in `call'
actionpack (8.0.1) lib/action_dispatch/middleware/executor.rb:16:in `call'
actionpack (8.0.1) lib/action_dispatch/middleware/actionable_exceptions.rb:18:in `call'
actionpack (8.0.1) lib/action_dispatch/middleware/debug_exceptions.rb:31:in `call'
actionpack (8.0.1) lib/action_dispatch/middleware/show_exceptions.rb:32:in `call'
railties (8.0.1) lib/rails/rack/logger.rb:41:in `call_app'
railties (8.0.1) lib/rails/rack/logger.rb:29:in `call'
actionpack (8.0.1) lib/action_dispatch/middleware/remote_ip.rb:96:in `call'
actionpack (8.0.1) lib/action_dispatch/middleware/request_id.rb:34:in `call'
rack (3.1.8) lib/rack/runtime.rb:24:in `call'
actionpack (8.0.1) lib/action_dispatch/middleware/server_timing.rb:61:in `block in call'
actionpack (8.0.1) lib/action_dispatch/middleware/server_timing.rb:26:in `collect_events'
actionpack (8.0.1) lib/action_dispatch/middleware/server_timing.rb:60:in `call'
actionpack (8.0.1) lib/action_dispatch/middleware/executor.rb:16:in `call'
actionpack (8.0.1) lib/action_dispatch/middleware/static.rb:27:in `call'
rack (3.1.8) lib/rack/sendfile.rb:114:in `call'
actionpack (8.0.1) lib/action_dispatch/middleware/host_authorization.rb:143:in `call'
railties (8.0.1) lib/rails/engine.rb:535:in `call'
puma (6.5.0) lib/puma/configuration.rb:279:in `call'
puma (6.5.0) lib/puma/request.rb:99:in `block in handle_request'
puma (6.5.0) lib/puma/thread_pool.rb:389:in `with_force_shutdown'
puma (6.5.0) lib/puma/request.rb:98:in `handle_request'
puma (6.5.0) lib/puma/server.rb:468:in `process_client'
puma (6.5.0) lib/puma/server.rb:249:in `block in run'
puma (6.5.0) lib/puma/thread_pool.rb:166:in `block in spawn_thread'
Started GET "/" for 127.0.0.1 at 2025-01-17 21:07:42 -0500
  [1m[36mActiveRecord::SchemaMigration Load (0.1ms)[0m  [1m[34mSELECT "schema_migrations"."version" FROM "schema_migrations" ORDER BY "schema_migrations"."version" ASC /*application='Backend'*/[0m
Processing by Rails::WelcomeController#index as HTML
  Rendering vendor/bundle/ruby/3.2.0/gems/railties-8.0.1/lib/rails/templates/rails/welcome/index.html.erb
  Rendered vendor/bundle/ruby/3.2.0/gems/railties-8.0.1/lib/rails/templates/rails/welcome/index.html.erb (Duration: 0.7ms | GC: 0.0ms)
Completed 200 OK in 10ms (Views: 2.9ms | ActiveRecord: 0.0ms (0 queries, 0 cached) | GC: 0.4ms)


Started GET "/api/movie" for 127.0.0.1 at 2025-01-17 21:07:51 -0500
  
ActionController::RoutingError (No route matches [GET] "/api/movie"):
  
Started GET "/api/movies" for 127.0.0.1 at 2025-01-17 21:07:55 -0500
  
SyntaxError (/Users/richardo/development/ruby/LenguajesProgProyectoFinal/backend/app/controllers/api/movies_controller.rb:29: syntax error, unexpected ':', expecting ']'
...ovie.update(completed: params[: completed])
...                              ^
):
  
app/controllers/api/movies_controller.rb:29: syntax error, unexpected ':', expecting ']'
Started GET "/" for 127.0.0.1 at 2025-01-17 21:08:45 -0500
  [1m[36mActiveRecord::SchemaMigration Load (0.1ms)[0m  [1m[34mSELECT "schema_migrations"."version" FROM "schema_migrations" ORDER BY "schema_migrations"."version" ASC /*application='Backend'*/[0m
Processing by Rails::WelcomeController#index as HTML
  Rendering vendor/bundle/ruby/3.2.0/gems/railties-8.0.1/lib/rails/templates/rails/welcome/index.html.erb
  Rendered vendor/bundle/ruby/3.2.0/gems/railties-8.0.1/lib/rails/templates/rails/welcome/index.html.erb (Duration: 1.3ms | GC: 0.0ms)
Completed 200 OK in 11ms (Views: 4.4ms | ActiveRecord: 0.0ms (0 queries, 0 cached) | GC: 0.0ms)


Started GET "/api/movie" for 127.0.0.1 at 2025-01-17 21:08:50 -0500
  
ActionController::RoutingError (No route matches [GET] "/api/movie"):
  
Started GET "/api/movies" for 127.0.0.1 at 2025-01-17 21:08:51 -0500
  
SyntaxError (/Users/richardo/development/ruby/LenguajesProgProyectoFinal/backend/app/controllers/api/movies_controller.rb:29: syntax error, unexpected ':', expecting ']'
...ovie.update(completed: params[: completed])
...                              ^
):
  
app/controllers/api/movies_controller.rb:29: syntax error, unexpected ':', expecting ']'
Started GET "/api/movies" for 127.0.0.1 at 2025-01-17 21:09:01 -0500
  [1m[36mActiveRecord::SchemaMigration Load (0.3ms)[0m  [1m[34mSELECT "schema_migrations"."version" FROM "schema_migrations" ORDER BY "schema_migrations"."version" ASC /*application='Backend'*/[0m
Processing by Api::MoviesController#index as HTML
  [1m[36mMovie Load (0.9ms)[0m  [1m[34mSELECT "movies".* FROM "movies" /*action='index',application='Backend',controller='movies'*/[0m
  ↳ app/controllers/api/movies_controller.rb:8:in `index'
Completed 200 OK in 22ms (Views: 1.0ms | ActiveRecord: 0.9ms (1 query, 0 cached) | GC: 0.0ms)


Started GET "/" for 127.0.0.1 at 2025-01-17 21:15:37 -0500
  [1m[36mActiveRecord::SchemaMigration Load (0.2ms)[0m  [1m[34mSELECT "schema_migrations"."version" FROM "schema_migrations" ORDER BY "schema_migrations"."version" ASC /*application='Backend'*/[0m
Processing by Rails::WelcomeController#index as HTML
  Rendering vendor/bundle/ruby/3.4.0/gems/railties-8.0.1/lib/rails/templates/rails/welcome/index.html.erb
  Rendered vendor/bundle/ruby/3.4.0/gems/railties-8.0.1/lib/rails/templates/rails/welcome/index.html.erb (Duration: 3.0ms | GC: 0.0ms)
Completed 200 OK in 2182ms (Views: 2017.9ms | ActiveRecord: 0.0ms (0 queries, 0 cached) | GC: 0.0ms)


Started GET "/" for 127.0.0.1 at 2025-01-17 21:15:59 -0500
Processing by Rails::WelcomeController#index as HTML
  Rendering vendor/bundle/ruby/3.4.0/gems/railties-8.0.1/lib/rails/templates/rails/welcome/index.html.erb
  Rendered vendor/bundle/ruby/3.4.0/gems/railties-8.0.1/lib/rails/templates/rails/welcome/index.html.erb (Duration: 0.4ms | GC: 0.0ms)
Completed 200 OK in 2ms (Views: 1.4ms | ActiveRecord: 0.0ms (0 queries, 0 cached) | GC: 0.0ms)


Started GET "/api/api/movies" for 127.0.0.1 at 2025-01-17 21:16:09 -0500
  
ActionController::RoutingError (No route matches [GET] "/api/api/movies"):
  
Started GET "/api/api-movies" for 127.0.0.1 at 2025-01-17 21:16:28 -0500
  
ActionController::RoutingError (No route matches [GET] "/api/api-movies"):
  
Started GET "/api/movies" for 127.0.0.1 at 2025-01-17 21:16:37 -0500
Processing by Api::MoviesController#index as HTML
  [1m[36mMovie Load (15.7ms)[0m  [1m[34mSELECT "movies".* FROM "movies" /*action='index',application='Backend',controller='movies'*/[0m
  ↳ app/controllers/api/movies_controller.rb:8:in 'Api::MoviesController#index'
Completed 200 OK in 198ms (Views: 4.8ms | ActiveRecord: 15.8ms (1 query, 0 cached) | GC: 0.0ms)


Started GET "/api/movies" for 127.0.0.1 at 2025-01-17 21:28:37 -0500
Processing by Api::MoviesController#index as HTML
  [1m[36mMovie Load (40.3ms)[0m  [1m[34mSELECT "movies".* FROM "movies" /*action='index',application='Backend',controller='movies'*/[0m
  ↳ app/controllers/api/movies_controller.rb:8:in 'Api::MoviesController#index'
Completed 200 OK in 113ms (Views: 47.8ms | ActiveRecord: 40.2ms (1 query, 0 cached) | GC: 0.0ms)


  [1m[36mActiveRecord::SchemaMigration Load (0.2ms)[0m  [1m[34mSELECT "schema_migrations"."version" FROM "schema_migrations" ORDER BY "schema_migrations"."version" ASC /*application='Backend'*/[0m
  [1m[36mMovie Load (0.3ms)[0m  [1m[34mSELECT "movies".* FROM "movies" /*application='Backend'*/[0m
  [1m[36mTRANSACTION (0.2ms)[0m  [1m[35mBEGIN immediate TRANSACTION /*application='Backend'*/[0m
  [1m[36mMovie Create (5.4ms)[0m  [1m[32mINSERT INTO "movies" ("adult", "backdrop_path", "budget", "homepage", "imdb_id", "original_language", "original_title", "overview", "popularity", "poster_path", "release_date", "revenue", "runtime", "status", "tagline", "title", "video", "vote_average", "vote_count", "created_at", "updated_at") VALUES (NULL, NULL, NULL, NULL, NULL, NULL, NULL, 'Pelicula de Spiderman', NULL, 'https://www.google.com', '2022-01-01', NULL, NULL, NULL, NULL, 'Spiderman', NULL, 5.0, 100, '2025-01-18 02:29:54.220471', '2025-01-18 02:29:54.220471') RETURNING "id" /*application='Backend'*/[0m
  [1m[36mTRANSACTION (1.4ms)[0m  [1m[35mCOMMIT TRANSACTION /*application='Backend'*/[0m
Started GET "/api/movies" for 127.0.0.1 at 2025-01-17 21:30:34 -0500
Processing by Api::MoviesController#index as HTML
  [1m[36mMovie Load (0.9ms)[0m  [1m[34mSELECT "movies".* FROM "movies" /*action='index',application='Backend',controller='movies'*/[0m
  ↳ app/controllers/api/movies_controller.rb:8:in 'Api::MoviesController#index'
Completed 200 OK in 217ms (Views: 208.8ms | ActiveRecord: 7.3ms (1 query, 0 cached) | GC: 0.2ms)


